00:09:36.218 [DEBUG] [org.gradle.launcher.daemon.bootstrap.DaemonMain] Assuming the daemon was started with following jvm opts: [-XX:+HeapDumpOnOutOfMemoryError, -Xmx1024m, -Dfile.encoding=UTF-8, -Duser.country, -Duser.language=en, -Duser.variant]
00:09:36.746 [INFO] [org.gradle.launcher.daemon.server.Daemon] start() called on daemon - DefaultDaemonContext[uid=f113f58f-003c-45b7-9b44-68f1c70f1c4a,javaHome=/opt/jdk1.8.0_162,daemonRegistryDir=/app/cache/daemon,pid=29,idleTimeout=10800000,daemonOpts=-XX:+HeapDumpOnOutOfMemoryError,-Xmx1024m,-Dfile.encoding=UTF-8,-Duser.country,-Duser.language=en,-Duser.variant]
00:09:36.808 [DEBUG] [org.gradle.internal.remote.internal.inet.InetAddresses] Adding IP addresses for network interface eth0
00:09:36.811 [DEBUG] [org.gradle.internal.remote.internal.inet.InetAddresses] Is this a loopback interface? false
00:09:36.814 [DEBUG] [org.gradle.internal.remote.internal.inet.InetAddresses] Is this a multicast interface? true
00:09:36.818 [DEBUG] [org.gradle.internal.remote.internal.inet.InetAddresses] Adding remote address /172.19.0.6
00:09:36.821 [DEBUG] [org.gradle.internal.remote.internal.inet.InetAddresses] Adding remote multicast interface eth0
00:09:36.823 [DEBUG] [org.gradle.internal.remote.internal.inet.InetAddresses] Adding IP addresses for network interface lo
00:09:36.826 [DEBUG] [org.gradle.internal.remote.internal.inet.InetAddresses] Is this a loopback interface? true
00:09:36.829 [DEBUG] [org.gradle.internal.remote.internal.inet.InetAddresses] Is this a multicast interface? false
00:09:36.831 [DEBUG] [org.gradle.internal.remote.internal.inet.InetAddresses] Adding loopback address /127.0.0.1
00:09:36.841 [DEBUG] [org.gradle.internal.remote.internal.inet.TcpIncomingConnector] Listening on [3c55667c-1e37-46c8-b1d4-8376743f37bd port:42995, addresses:[/127.0.0.1]].
00:09:36.853 [DEBUG] [org.gradle.launcher.daemon.server.Daemon] Daemon starting at: Wed Mar 21 00:09:36 GMT 2018, with address: [3c55667c-1e37-46c8-b1d4-8376743f37bd port:42995, addresses:[/127.0.0.1]]
00:09:36.860 [INFO] [org.gradle.launcher.daemon.server.DaemonRegistryUpdater] Advertising the daemon address to the clients: [3c55667c-1e37-46c8-b1d4-8376743f37bd port:42995, addresses:[/127.0.0.1]]
00:09:36.862 [DEBUG] [org.gradle.launcher.daemon.server.DaemonRegistryUpdater] Advertised daemon context: DefaultDaemonContext[uid=f113f58f-003c-45b7-9b44-68f1c70f1c4a,javaHome=/opt/jdk1.8.0_162,daemonRegistryDir=/app/cache/daemon,pid=29,idleTimeout=10800000,daemonOpts=-XX:+HeapDumpOnOutOfMemoryError,-Xmx1024m,-Dfile.encoding=UTF-8,-Duser.country,-Duser.language=en,-Duser.variant]
00:09:36.865 [DEBUG] [org.gradle.launcher.daemon.registry.PersistentDaemonRegistry] Storing daemon address: [3c55667c-1e37-46c8-b1d4-8376743f37bd port:42995, addresses:[/127.0.0.1]], context: DefaultDaemonContext[uid=f113f58f-003c-45b7-9b44-68f1c70f1c4a,javaHome=/opt/jdk1.8.0_162,daemonRegistryDir=/app/cache/daemon,pid=29,idleTimeout=10800000,daemonOpts=-XX:+HeapDumpOnOutOfMemoryError,-Xmx1024m,-Dfile.encoding=UTF-8,-Duser.country,-Duser.language=en,-Duser.variant]
00:09:36.890 [DEBUG] [org.gradle.cache.internal.DefaultFileLockManager] Waiting to acquire exclusive lock on daemon addresses registry.
00:09:36.901 [DEBUG] [org.gradle.cache.internal.DefaultFileLockManager] Lock acquired on daemon addresses registry.
00:09:36.937 [DEBUG] [org.gradle.cache.internal.DefaultFileLockManager] Releasing lock on daemon addresses registry.
00:09:36.942 [LIFECYCLE] [org.gradle.launcher.daemon.server.Daemon] Daemon server started.
00:09:36.968 [DEBUG] [org.gradle.launcher.daemon.bootstrap.DaemonStartupCommunication] Completed writing the daemon greeting. Closing streams...
00:09:37.007 [DEBUG] [org.gradle.internal.remote.internal.inet.TcpIncomingConnector] Accepted connection from /127.0.0.1:35908 to /127.0.0.1:42995.
00:09:37.031 [DEBUG] [org.gradle.launcher.daemon.server.Daemon] stopOnExpiration() called on daemon
00:09:37.070 [DEBUG] [org.gradle.launcher.daemon.server.Daemon] awaitExpiration() called on daemon
00:09:37.075 [DEBUG] [org.gradle.launcher.daemon.server.DaemonStateCoordinator] daemon is running. Sleeping until state changes.
00:09:37.654 [DEBUG] [org.gradle.launcher.daemon.server.SynchronizedDispatchConnection] thread 14: received class org.gradle.launcher.daemon.protocol.Build
00:09:37.664 [DEBUG] [org.gradle.launcher.daemon.server.DefaultDaemonConnection] thread 14: Received non-IO message from client: Build{id=df9fa284-5e44-47b5-86bb-bb3ea6c60898.1, currentDir=/app}
00:09:37.672 [INFO] [org.gradle.launcher.daemon.server.DefaultIncomingConnectionHandler] Received command: Build{id=df9fa284-5e44-47b5-86bb-bb3ea6c60898.1, currentDir=/app}.
00:09:37.676 [DEBUG] [org.gradle.launcher.daemon.server.DefaultIncomingConnectionHandler] Starting executing command: Build{id=df9fa284-5e44-47b5-86bb-bb3ea6c60898.1, currentDir=/app} with connection: socket connection from /127.0.0.1:42995 to /127.0.0.1:35908.
00:09:37.685 [ERROR] [org.gradle.launcher.daemon.server.DaemonStateCoordinator] Command execution: started DaemonCommandExecution[command = Build{id=df9fa284-5e44-47b5-86bb-bb3ea6c60898.1, currentDir=/app}, connection = DefaultDaemonConnection: socket connection from /127.0.0.1:42995 to /127.0.0.1:35908] after 0.0 minutes of idle
00:09:37.691 [INFO] [org.gradle.launcher.daemon.server.DaemonRegistryUpdater] Marking the daemon as busy, address: [3c55667c-1e37-46c8-b1d4-8376743f37bd port:42995, addresses:[/127.0.0.1]]
00:09:37.700 [DEBUG] [org.gradle.launcher.daemon.registry.PersistentDaemonRegistry] Marking busy by address: [3c55667c-1e37-46c8-b1d4-8376743f37bd port:42995, addresses:[/127.0.0.1]]
00:09:37.710 [DEBUG] [org.gradle.cache.internal.DefaultFileLockManager] Waiting to acquire exclusive lock on daemon addresses registry.
00:09:37.724 [DEBUG] [org.gradle.cache.internal.DefaultFileLockManager] Lock acquired on daemon addresses registry.
00:09:37.741 [DEBUG] [org.gradle.cache.internal.DefaultFileLockManager] Releasing lock on daemon addresses registry.
00:09:37.745 [DEBUG] [org.gradle.launcher.daemon.server.DaemonStateCoordinator] resetting idle timer
00:09:37.750 [DEBUG] [org.gradle.launcher.daemon.server.DaemonStateCoordinator] daemon is running. Sleeping until state changes.
00:09:37.755 [INFO] [org.gradle.launcher.daemon.server.exec.StartBuildOrRespondWithBusy] Daemon is about to start building Build{id=df9fa284-5e44-47b5-86bb-bb3ea6c60898.1, currentDir=/app}. Dispatching build started information...
00:09:37.759 [DEBUG] [org.gradle.launcher.daemon.server.SynchronizedDispatchConnection] thread 16: dispatching class org.gradle.launcher.daemon.protocol.BuildStarted
00:09:37.800 [DEBUG] [org.gradle.launcher.daemon.server.exec.EstablishBuildEnvironment] Configuring env variables: {PATH=/usr/local/sbin:/usr/local/bin:/usr/sbin:/usr/bin:/sbin:/bin:/opt/jdk/bin, JAVA_JCE=unlimited, SPRING_PROFILES_ACTIVE=dev, JAVA_HOME=/opt/jdk, OLDPWD=/app, GLIBC_VERSION=2.27-r0, LANG=C.UTF-8, JAVA_VERSION_MAJOR=8, GRADLE_USER_HOME=cache, HOSTNAME=549f566657c7, GLIBC_REPO=https://github.com/sgerrand/alpine-pkg-glibc, JAVA_VERSION_MINOR=162, PWD=/app, JAVA_PACKAGE=jdk, JAVA_VERSION_BUILD=12, HOME=/root, SHLVL=1}
00:09:37.864 [DEBUG] [org.gradle.launcher.daemon.server.exec.LogToClient] About to start relaying all logs to the client via the connection.
00:09:37.871 [INFO] [org.gradle.launcher.daemon.server.exec.LogToClient] The client will now receive all logging from the daemon (pid: 29). The daemon log file: /app/cache/daemon/4.5.1/daemon-29.out.log
00:09:37.874 [DEBUG] [org.gradle.launcher.daemon.server.SynchronizedDispatchConnection] thread 14: received class org.gradle.launcher.daemon.protocol.CloseInput
00:09:37.889 [DEBUG] [org.gradle.launcher.daemon.server.DefaultDaemonConnection] thread 14: Received IO message from client: org.gradle.launcher.daemon.protocol.CloseInput@52a050ec
00:09:37.885 [INFO] [org.gradle.launcher.daemon.server.exec.LogAndCheckHealth] Starting build in new daemon [memory: 954.7 MB]
00:09:37.898 [INFO] [org.gradle.launcher.daemon.server.exec.ForwardClientInput] Closing daemon's stdin at end of input.
00:09:37.910 [INFO] [org.gradle.launcher.daemon.server.exec.ForwardClientInput] The daemon will no longer process any standard input.
00:09:37.919 [DEBUG] [org.gradle.launcher.daemon.server.exec.ExecuteBuild] The daemon has started executing the build.
00:09:37.926 [DEBUG] [org.gradle.launcher.daemon.server.exec.ExecuteBuild] Executing build with daemon context: DefaultDaemonContext[uid=f113f58f-003c-45b7-9b44-68f1c70f1c4a,javaHome=/opt/jdk1.8.0_162,daemonRegistryDir=/app/cache/daemon,pid=29,idleTimeout=10800000,daemonOpts=-XX:+HeapDumpOnOutOfMemoryError,-Xmx1024m,-Dfile.encoding=UTF-8,-Duser.country,-Duser.language=en,-Duser.variant]
:compileJava
:processResources UP-TO-DATE
:classes
:bootRun
00:10:42.780 [main] DEBUG org.springframework.boot.devtools.settings.DevToolsSettings - Included patterns for restart : []
00:10:42.818 [main] DEBUG org.springframework.boot.devtools.settings.DevToolsSettings - Excluded patterns for restart : [/spring-boot-starter/target/classes/, /spring-boot-autoconfigure/target/classes/, /spring-boot-starter-[\w-]+/, /spring-boot/target/classes/, /spring-boot-actuator/target/classes/, /spring-boot-devtools/target/classes/]
00:10:42.820 [main] DEBUG org.springframework.boot.devtools.restart.ChangeableUrls - Matching URLs for reloading : [file:/app/build/classes/java/main/, file:/app/build/resources/main/]
2018-03-21 00:10:49.110  INFO 67 --- [  restartedMain] s.c.a.AnnotationConfigApplicationContext : Refreshing org.springframework.context.annotation.AnnotationConfigApplicationContext@7a90dad2: startup date [Wed Mar 21 00:10:49 GMT 2018]; root of context hierarchy
2018-03-21 00:10:54.027  INFO 67 --- [  restartedMain] f.a.AutowiredAnnotationBeanPostProcessor : JSR-330 'javax.inject.Inject' annotation found and supported for autowiring
2018-03-21 00:10:55.003  INFO 67 --- [  restartedMain] trationDelegate$BeanPostProcessorChecker : Bean 'configurationPropertiesRebinderAutoConfiguration' of type [org.springframework.cloud.autoconfigure.ConfigurationPropertiesRebinderAutoConfiguration$$EnhancerBySpringCGLIB$$d4fd1446] is not eligible for getting processed by all BeanPostProcessors (for example: not eligible for auto-proxying)

  .   ____          _            __ _ _
 /\\ / ___'_ __ _ _(_)_ __  __ _ \ \ \ \
( ( )\___ | '_ | '_| | '_ \/ _` | \ \ \ \
 \\/  ___)| |_)| | | | | || (_| |  ) ) ) )
  '  |____| .__|_| |_|_| |_\__, | / / / /
 =========|_|==============|___/=/_/_/_/
[32m :: Spring Boot :: [39m      [2m (v1.5.8.RELEASE)[0;39m

[2m2018-03-21 00:10:59.043[0;39m [32m INFO[0;39m [35m67[0;39m [2m---[0;39m [2m[  restartedMain][0;39m [36mc.example.songsapi.SongsApiApplication  [0;39m [2m:[0;39m The following profiles are active: dev
[2m2018-03-21 00:10:59.156[0;39m [32m INFO[0;39m [35m67[0;39m [2m---[0;39m [2m[  restartedMain][0;39m [36mationConfigEmbeddedWebApplicationContext[0;39m [2m:[0;39m Refreshing org.springframework.boot.context.embedded.AnnotationConfigEmbeddedWebApplicationContext@421ca066: startup date [Wed Mar 21 00:10:59 GMT 2018]; parent: org.springframework.context.annotation.AnnotationConfigApplicationContext@7a90dad2
[2m2018-03-21 00:11:16.608[0;39m [32m INFO[0;39m [35m67[0;39m [2m---[0;39m [2m[  restartedMain][0;39m [36mo.s.cloud.context.scope.GenericScope    [0;39m [2m:[0;39m BeanFactory id=a10f49d8-92b8-34b5-97e9-1997063cfac9
[2m2018-03-21 00:11:17.267[0;39m [32m INFO[0;39m [35m67[0;39m [2m---[0;39m [2m[  restartedMain][0;39m [36mf.a.AutowiredAnnotationBeanPostProcessor[0;39m [2m:[0;39m JSR-330 'javax.inject.Inject' annotation found and supported for autowiring
[2m2018-03-21 00:11:18.516[0;39m [32m INFO[0;39m [35m67[0;39m [2m---[0;39m [2m[  restartedMain][0;39m [36mtrationDelegate$BeanPostProcessorChecker[0;39m [2m:[0;39m Bean 'org.springframework.transaction.annotation.ProxyTransactionManagementConfiguration' of type [org.springframework.transaction.annotation.ProxyTransactionManagementConfiguration$$EnhancerBySpringCGLIB$$b8e31149] is not eligible for getting processed by all BeanPostProcessors (for example: not eligible for auto-proxying)
[2m2018-03-21 00:11:18.938[0;39m [32m INFO[0;39m [35m67[0;39m [2m---[0;39m [2m[  restartedMain][0;39m [36mtrationDelegate$BeanPostProcessorChecker[0;39m [2m:[0;39m Bean 'org.springframework.cloud.autoconfigure.ConfigurationPropertiesRebinderAutoConfiguration' of type [org.springframework.cloud.autoconfigure.ConfigurationPropertiesRebinderAutoConfiguration$$EnhancerBySpringCGLIB$$d4fd1446] is not eligible for getting processed by all BeanPostProcessors (for example: not eligible for auto-proxying)
[2m2018-03-21 00:11:25.384[0;39m [32m INFO[0;39m [35m67[0;39m [2m---[0;39m [2m[  restartedMain][0;39m [36ms.b.c.e.t.TomcatEmbeddedServletContainer[0;39m [2m:[0;39m Tomcat initialized with port(s): 8082 (http)
[2m2018-03-21 00:11:25.513[0;39m [32m INFO[0;39m [35m67[0;39m [2m---[0;39m [2m[  restartedMain][0;39m [36mo.apache.catalina.core.StandardService  [0;39m [2m:[0;39m Starting service [Tomcat]
[2m2018-03-21 00:11:25.520[0;39m [32m INFO[0;39m [35m67[0;39m [2m---[0;39m [2m[  restartedMain][0;39m [36morg.apache.catalina.core.StandardEngine [0;39m [2m:[0;39m Starting Servlet Engine: Apache Tomcat/8.5.23
[2m2018-03-21 00:11:27.900[0;39m [32m INFO[0;39m [35m67[0;39m [2m---[0;39m [2m[ost-startStop-1][0;39m [36mo.a.c.c.C.[Tomcat].[localhost].[/]      [0;39m [2m:[0;39m Initializing Spring embedded WebApplicationContext
[2m2018-03-21 00:11:27.918[0;39m [32m INFO[0;39m [35m67[0;39m [2m---[0;39m [2m[ost-startStop-1][0;39m [36mo.s.web.context.ContextLoader           [0;39m [2m:[0;39m Root WebApplicationContext: initialization completed in 28761 ms
[2m2018-03-21 00:11:30.377[0;39m [32m INFO[0;39m [35m67[0;39m [2m---[0;39m [2m[ost-startStop-1][0;39m [36mo.s.b.w.servlet.ServletRegistrationBean [0;39m [2m:[0;39m Mapping servlet: 'dispatcherServlet' to [/]
[2m2018-03-21 00:11:30.395[0;39m [32m INFO[0;39m [35m67[0;39m [2m---[0;39m [2m[ost-startStop-1][0;39m [36mo.s.b.w.servlet.FilterRegistrationBean  [0;39m [2m:[0;39m Mapping filter: 'characterEncodingFilter' to: [/*]
[2m2018-03-21 00:11:30.398[0;39m [32m INFO[0;39m [35m67[0;39m [2m---[0;39m [2m[ost-startStop-1][0;39m [36mo.s.b.w.servlet.FilterRegistrationBean  [0;39m [2m:[0;39m Mapping filter: 'hiddenHttpMethodFilter' to: [/*]
[2m2018-03-21 00:11:30.398[0;39m [32m INFO[0;39m [35m67[0;39m [2m---[0;39m [2m[ost-startStop-1][0;39m [36mo.s.b.w.servlet.FilterRegistrationBean  [0;39m [2m:[0;39m Mapping filter: 'httpPutFormContentFilter' to: [/*]
[2m2018-03-21 00:11:30.398[0;39m [32m INFO[0;39m [35m67[0;39m [2m---[0;39m [2m[ost-startStop-1][0;39m [36mo.s.b.w.servlet.FilterRegistrationBean  [0;39m [2m:[0;39m Mapping filter: 'requestContextFilter' to: [/*]
[2m2018-03-21 00:11:32.789[0;39m [32m INFO[0;39m [35m67[0;39m [2m---[0;39m [2m[  restartedMain][0;39m [36mo.f.core.internal.util.VersionPrinter   [0;39m [2m:[0;39m Flyway 3.2.1 by Boxfuse
[2m2018-03-21 00:11:34.302[0;39m [32m INFO[0;39m [35m67[0;39m [2m---[0;39m [2m[  restartedMain][0;39m [36mo.f.c.i.dbsupport.DbSupportFactory      [0;39m [2m:[0;39m Database: jdbc:postgresql://postgresdev:5432/pgdev (PostgreSQL 10.3)
[2m2018-03-21 00:11:34.870[0;39m [32m INFO[0;39m [35m67[0;39m [2m---[0;39m [2m[  restartedMain][0;39m [36mo.f.core.internal.command.DbValidate    [0;39m [2m:[0;39m Validated 1 migration (execution time 00:00.152s)
[2m2018-03-21 00:11:34.934[0;39m [32m INFO[0;39m [35m67[0;39m [2m---[0;39m [2m[  restartedMain][0;39m [36mo.f.c.i.metadatatable.MetaDataTableImpl [0;39m [2m:[0;39m Creating Metadata table: "public"."schema_version"
[2m2018-03-21 00:11:35.106[0;39m [32m INFO[0;39m [35m67[0;39m [2m---[0;39m [2m[  restartedMain][0;39m [36mo.f.core.internal.command.DbMigrate     [0;39m [2m:[0;39m Current version of schema "public": << Empty Schema >>
[2m2018-03-21 00:11:35.106[0;39m [32m INFO[0;39m [35m67[0;39m [2m---[0;39m [2m[  restartedMain][0;39m [36mo.f.core.internal.command.DbMigrate     [0;39m [2m:[0;39m Migrating schema "public" to version 1.2 - Create songs table
[2m2018-03-21 00:11:35.262[0;39m [32m INFO[0;39m [35m67[0;39m [2m---[0;39m [2m[  restartedMain][0;39m [36mo.f.core.internal.command.DbMigrate     [0;39m [2m:[0;39m Successfully applied 1 migration to schema "public" (execution time 00:00.333s).
[2m2018-03-21 00:11:35.265[0;39m [32m INFO[0;39m [35m67[0;39m [2m---[0;39m [2m[  restartedMain][0;39m [36mo.f.c.i.c.SqlScriptFlywayCallback       [0;39m [2m:[0;39m Executing SQL callback: afterMigrate
[2m2018-03-21 00:11:37.289[0;39m [32m INFO[0;39m [35m67[0;39m [2m---[0;39m [2m[  restartedMain][0;39m [36mj.LocalContainerEntityManagerFactoryBean[0;39m [2m:[0;39m Building JPA container EntityManagerFactory for persistence unit 'default'
[2m2018-03-21 00:11:37.608[0;39m [32m INFO[0;39m [35m67[0;39m [2m---[0;39m [2m[  restartedMain][0;39m [36mo.hibernate.jpa.internal.util.LogHelper [0;39m [2m:[0;39m HHH000204: Processing PersistenceUnitInfo [
	name: default
	...]
[2m2018-03-21 00:11:38.871[0;39m [32m INFO[0;39m [35m67[0;39m [2m---[0;39m [2m[  restartedMain][0;39m [36morg.hibernate.Version                   [0;39m [2m:[0;39m HHH000412: Hibernate Core {5.0.12.Final}
[2m2018-03-21 00:11:38.881[0;39m [32m INFO[0;39m [35m67[0;39m [2m---[0;39m [2m[  restartedMain][0;39m [36morg.hibernate.cfg.Environment           [0;39m [2m:[0;39m HHH000206: hibernate.properties not found
[2m2018-03-21 00:11:38.892[0;39m [32m INFO[0;39m [35m67[0;39m [2m---[0;39m [2m[  restartedMain][0;39m [36morg.hibernate.cfg.Environment           [0;39m [2m:[0;39m HHH000021: Bytecode provider name : javassist
[2m2018-03-21 00:11:39.531[0;39m [32m INFO[0;39m [35m67[0;39m [2m---[0;39m [2m[  restartedMain][0;39m [36mo.hibernate.annotations.common.Version  [0;39m [2m:[0;39m HCANN000001: Hibernate Commons Annotations {5.0.1.Final}
[2m2018-03-21 00:11:40.935[0;39m [32m INFO[0;39m [35m67[0;39m [2m---[0;39m [2m[  restartedMain][0;39m [36morg.hibernate.dialect.Dialect           [0;39m [2m:[0;39m HHH000400: Using dialect: org.hibernate.dialect.PostgreSQLDialect
[2m2018-03-21 00:11:41.496[0;39m [32m INFO[0;39m [35m67[0;39m [2m---[0;39m [2m[  restartedMain][0;39m [36mo.h.e.j.e.i.LobCreatorBuilderImpl       [0;39m [2m:[0;39m HHH000424: Disabling contextual LOB creation as createClob() method threw error : java.lang.reflect.InvocationTargetException
[2m2018-03-21 00:11:41.524[0;39m [32m INFO[0;39m [35m67[0;39m [2m---[0;39m [2m[  restartedMain][0;39m [36morg.hibernate.type.BasicTypeRegistry    [0;39m [2m:[0;39m HHH000270: Type registration [java.util.UUID] overrides previous : org.hibernate.type.UUIDBinaryType@36eaac13
[2m2018-03-21 00:11:45.441[0;39m [32m INFO[0;39m [35m67[0;39m [2m---[0;39m [2m[  restartedMain][0;39m [36mj.LocalContainerEntityManagerFactoryBean[0;39m [2m:[0;39m Initialized JPA EntityManagerFactory for persistence unit 'default'
[2m2018-03-21 00:11:48.363[0;39m [33m WARN[0;39m [35m67[0;39m [2m---[0;39m [2m[  restartedMain][0;39m [36mc.n.c.sources.URLConfigurationSource    [0;39m [2m:[0;39m No URLs will be polled as dynamic configuration sources.
[2m2018-03-21 00:11:48.364[0;39m [32m INFO[0;39m [35m67[0;39m [2m---[0;39m [2m[  restartedMain][0;39m [36mc.n.c.sources.URLConfigurationSource    [0;39m [2m:[0;39m To enable URLs as dynamic configuration sources, define System property archaius.configurationSource.additionalUrls or make config.properties available on classpath.
[2m2018-03-21 00:11:48.449[0;39m [33m WARN[0;39m [35m67[0;39m [2m---[0;39m [2m[  restartedMain][0;39m [36mc.n.c.sources.URLConfigurationSource    [0;39m [2m:[0;39m No URLs will be polled as dynamic configuration sources.
[2m2018-03-21 00:11:48.450[0;39m [32m INFO[0;39m [35m67[0;39m [2m---[0;39m [2m[  restartedMain][0;39m [36mc.n.c.sources.URLConfigurationSource    [0;39m [2m:[0;39m To enable URLs as dynamic configuration sources, define System property archaius.configurationSource.additionalUrls or make config.properties available on classpath.
[2m2018-03-21 00:11:51.493[0;39m [32m INFO[0;39m [35m67[0;39m [2m---[0;39m [2m[  restartedMain][0;39m [36ms.w.s.m.m.a.RequestMappingHandlerAdapter[0;39m [2m:[0;39m Looking for @ControllerAdvice: org.springframework.boot.context.embedded.AnnotationConfigEmbeddedWebApplicationContext@421ca066: startup date [Wed Mar 21 00:10:59 GMT 2018]; parent: org.springframework.context.annotation.AnnotationConfigApplicationContext@7a90dad2
[2m2018-03-21 00:11:52.365[0;39m [32m INFO[0;39m [35m67[0;39m [2m---[0;39m [2m[  restartedMain][0;39m [36ms.w.s.m.m.a.RequestMappingHandlerMapping[0;39m [2m:[0;39m Mapped "{[/]}" onto public java.lang.String com.example.songsapi.SongsApiApplication.home()
[2m2018-03-21 00:11:52.410[0;39m [32m INFO[0;39m [35m67[0;39m [2m---[0;39m [2m[  restartedMain][0;39m [36ms.w.s.m.m.a.RequestMappingHandlerMapping[0;39m [2m:[0;39m Mapped "{[/songs],methods=[GET]}" onto public java.lang.Iterable<com.example.songsapi.models.Song> com.example.songsapi.controllers.SongsController.findAllSongs()
[2m2018-03-21 00:11:52.416[0;39m [32m INFO[0;39m [35m67[0;39m [2m---[0;39m [2m[  restartedMain][0;39m [36ms.w.s.m.m.a.RequestMappingHandlerMapping[0;39m [2m:[0;39m Mapped "{[/songs/{songId}],methods=[DELETE]}" onto public org.springframework.http.HttpStatus com.example.songsapi.controllers.SongsController.deleteSongById(java.lang.Long)
[2m2018-03-21 00:11:52.416[0;39m [32m INFO[0;39m [35m67[0;39m [2m---[0;39m [2m[  restartedMain][0;39m [36ms.w.s.m.m.a.RequestMappingHandlerMapping[0;39m [2m:[0;39m Mapped "{[/songs],methods=[POST]}" onto public com.example.songsapi.models.Song com.example.songsapi.controllers.SongsController.createNewSong(com.example.songsapi.models.Song)
[2m2018-03-21 00:11:52.419[0;39m [32m INFO[0;39m [35m67[0;39m [2m---[0;39m [2m[  restartedMain][0;39m [36ms.w.s.m.m.a.RequestMappingHandlerMapping[0;39m [2m:[0;39m Mapped "{[/songs/{songId}],methods=[GET]}" onto public com.example.songsapi.models.Song com.example.songsapi.controllers.SongsController.findSongById(java.lang.Long)
[2m2018-03-21 00:11:52.421[0;39m [32m INFO[0;39m [35m67[0;39m [2m---[0;39m [2m[  restartedMain][0;39m [36ms.w.s.m.m.a.RequestMappingHandlerMapping[0;39m [2m:[0;39m Mapped "{[/songs/{songId}],methods=[PUT]}" onto public com.example.songsapi.models.Song com.example.songsapi.controllers.SongsController.updateSongById(java.lang.Long,com.example.songsapi.models.Song)
[2m2018-03-21 00:11:52.452[0;39m [32m INFO[0;39m [35m67[0;39m [2m---[0;39m [2m[  restartedMain][0;39m [36ms.w.s.m.m.a.RequestMappingHandlerMapping[0;39m [2m:[0;39m Mapped "{[/error],produces=[text/html]}" onto public org.springframework.web.servlet.ModelAndView org.springframework.boot.autoconfigure.web.BasicErrorController.errorHtml(javax.servlet.http.HttpServletRequest,javax.servlet.http.HttpServletResponse)
[2m2018-03-21 00:11:52.452[0;39m [32m INFO[0;39m [35m67[0;39m [2m---[0;39m [2m[  restartedMain][0;39m [36ms.w.s.m.m.a.RequestMappingHandlerMapping[0;39m [2m:[0;39m Mapped "{[/error]}" onto public org.springframework.http.ResponseEntity<java.util.Map<java.lang.String, java.lang.Object>> org.springframework.boot.autoconfigure.web.BasicErrorController.error(javax.servlet.http.HttpServletRequest)
[2m2018-03-21 00:11:52.747[0;39m [32m INFO[0;39m [35m67[0;39m [2m---[0;39m [2m[  restartedMain][0;39m [36mo.s.w.s.handler.SimpleUrlHandlerMapping [0;39m [2m:[0;39m Mapped URL path [/webjars/**] onto handler of type [class org.springframework.web.servlet.resource.ResourceHttpRequestHandler]
[2m2018-03-21 00:11:52.747[0;39m [32m INFO[0;39m [35m67[0;39m [2m---[0;39m [2m[  restartedMain][0;39m [36mo.s.w.s.handler.SimpleUrlHandlerMapping [0;39m [2m:[0;39m Mapped URL path [/**] onto handler of type [class org.springframework.web.servlet.resource.ResourceHttpRequestHandler]
[2m2018-03-21 00:11:53.092[0;39m [32m INFO[0;39m [35m67[0;39m [2m---[0;39m [2m[  restartedMain][0;39m [36mo.s.w.s.handler.SimpleUrlHandlerMapping [0;39m [2m:[0;39m Mapped URL path [/**/favicon.ico] onto handler of type [class org.springframework.web.servlet.resource.ResourceHttpRequestHandler]
[2m2018-03-21 00:11:56.717[0;39m [32m INFO[0;39m [35m67[0;39m [2m---[0;39m [2m[  restartedMain][0;39m [36mo.s.b.d.a.OptionalLiveReloadServer      [0;39m [2m:[0;39m LiveReload server is running on port 35729
[2m2018-03-21 00:11:58.091[0;39m [33m WARN[0;39m [35m67[0;39m [2m---[0;39m [2m[  restartedMain][0;39m [36marterDeprecationWarningAutoConfiguration[0;39m [2m:[0;39m spring-cloud-starter-eureka is deprecated as of Spring Cloud Netflix 1.4.0, please migrate to spring-cloud-starter-netflix-eureka
[2m2018-03-21 00:11:58.382[0;39m [32m INFO[0;39m [35m67[0;39m [2m---[0;39m [2m[  restartedMain][0;39m [36mo.s.j.e.a.AnnotationMBeanExporter       [0;39m [2m:[0;39m Registering beans for JMX exposure on startup
[2m2018-03-21 00:11:58.456[0;39m [32m INFO[0;39m [35m67[0;39m [2m---[0;39m [2m[  restartedMain][0;39m [36mo.s.j.e.a.AnnotationMBeanExporter       [0;39m [2m:[0;39m Bean with name 'environmentManager' has been autodetected for JMX exposure
[2m2018-03-21 00:11:58.472[0;39m [32m INFO[0;39m [35m67[0;39m [2m---[0;39m [2m[  restartedMain][0;39m [36mo.s.j.e.a.AnnotationMBeanExporter       [0;39m [2m:[0;39m Bean with name 'configurationPropertiesRebinder' has been autodetected for JMX exposure
[2m2018-03-21 00:11:58.487[0;39m [32m INFO[0;39m [35m67[0;39m [2m---[0;39m [2m[  restartedMain][0;39m [36mo.s.j.e.a.AnnotationMBeanExporter       [0;39m [2m:[0;39m Bean with name 'refreshScope' has been autodetected for JMX exposure
[2m2018-03-21 00:11:58.512[0;39m [32m INFO[0;39m [35m67[0;39m [2m---[0;39m [2m[  restartedMain][0;39m [36mo.s.j.e.a.AnnotationMBeanExporter       [0;39m [2m:[0;39m Located managed bean 'environmentManager': registering with JMX server as MBean [org.springframework.cloud.context.environment:name=environmentManager,type=EnvironmentManager]
[2m2018-03-21 00:11:58.659[0;39m [32m INFO[0;39m [35m67[0;39m [2m---[0;39m [2m[  restartedMain][0;39m [36mo.s.j.e.a.AnnotationMBeanExporter       [0;39m [2m:[0;39m Located managed bean 'refreshScope': registering with JMX server as MBean [org.springframework.cloud.context.scope.refresh:name=refreshScope,type=RefreshScope]
[2m2018-03-21 00:11:58.763[0;39m [32m INFO[0;39m [35m67[0;39m [2m---[0;39m [2m[  restartedMain][0;39m [36mo.s.j.e.a.AnnotationMBeanExporter       [0;39m [2m:[0;39m Located managed bean 'configurationPropertiesRebinder': registering with JMX server as MBean [org.springframework.cloud.context.properties:name=configurationPropertiesRebinder,context=421ca066,type=ConfigurationPropertiesRebinder]
[2m2018-03-21 00:11:59.266[0;39m [32m INFO[0;39m [35m67[0;39m [2m---[0;39m [2m[  restartedMain][0;39m [36mo.s.c.support.DefaultLifecycleProcessor [0;39m [2m:[0;39m Starting beans in phase 0
[2m2018-03-21 00:11:59.298[0;39m [32m INFO[0;39m [35m67[0;39m [2m---[0;39m [2m[  restartedMain][0;39m [36mo.s.c.n.eureka.InstanceInfoFactory      [0;39m [2m:[0;39m Setting initial instance status as: STARTING
[2m2018-03-21 00:11:59.739[0;39m [32m INFO[0;39m [35m67[0;39m [2m---[0;39m [2m[  restartedMain][0;39m [36mcom.netflix.discovery.DiscoveryClient   [0;39m [2m:[0;39m Initializing Eureka in region us-east-1
[2m2018-03-21 00:12:00.603[0;39m [32m INFO[0;39m [35m67[0;39m [2m---[0;39m [2m[  restartedMain][0;39m [36mc.n.d.provider.DiscoveryJerseyProvider  [0;39m [2m:[0;39m Using JSON encoding codec LegacyJacksonJson
[2m2018-03-21 00:12:00.604[0;39m [32m INFO[0;39m [35m67[0;39m [2m---[0;39m [2m[  restartedMain][0;39m [36mc.n.d.provider.DiscoveryJerseyProvider  [0;39m [2m:[0;39m Using JSON decoding codec LegacyJacksonJson
[2m2018-03-21 00:12:01.077[0;39m [32m INFO[0;39m [35m67[0;39m [2m---[0;39m [2m[  restartedMain][0;39m [36mc.n.d.provider.DiscoveryJerseyProvider  [0;39m [2m:[0;39m Using XML encoding codec XStreamXml
[2m2018-03-21 00:12:01.082[0;39m [32m INFO[0;39m [35m67[0;39m [2m---[0;39m [2m[  restartedMain][0;39m [36mc.n.d.provider.DiscoveryJerseyProvider  [0;39m [2m:[0;39m Using XML decoding codec XStreamXml
[2m2018-03-21 00:12:01.645[0;39m [32m INFO[0;39m [35m67[0;39m [2m---[0;39m [2m[  restartedMain][0;39m [36mc.n.d.s.r.aws.ConfigClusterResolver     [0;39m [2m:[0;39m Resolving eureka endpoints via configuration
[2m2018-03-21 00:12:01.738[0;39m [32m INFO[0;39m [35m67[0;39m [2m---[0;39m [2m[  restartedMain][0;39m [36mcom.netflix.discovery.DiscoveryClient   [0;39m [2m:[0;39m Disable delta property : false
[2m2018-03-21 00:12:01.739[0;39m [32m INFO[0;39m [35m67[0;39m [2m---[0;39m [2m[  restartedMain][0;39m [36mcom.netflix.discovery.DiscoveryClient   [0;39m [2m:[0;39m Single vip registry refresh property : null
[2m2018-03-21 00:12:01.739[0;39m [32m INFO[0;39m [35m67[0;39m [2m---[0;39m [2m[  restartedMain][0;39m [36mcom.netflix.discovery.DiscoveryClient   [0;39m [2m:[0;39m Force full registry fetch : false
[2m2018-03-21 00:12:01.740[0;39m [32m INFO[0;39m [35m67[0;39m [2m---[0;39m [2m[  restartedMain][0;39m [36mcom.netflix.discovery.DiscoveryClient   [0;39m [2m:[0;39m Application is null : false
[2m2018-03-21 00:12:01.740[0;39m [32m INFO[0;39m [35m67[0;39m [2m---[0;39m [2m[  restartedMain][0;39m [36mcom.netflix.discovery.DiscoveryClient   [0;39m [2m:[0;39m Registered Applications size is zero : true
[2m2018-03-21 00:12:01.740[0;39m [32m INFO[0;39m [35m67[0;39m [2m---[0;39m [2m[  restartedMain][0;39m [36mcom.netflix.discovery.DiscoveryClient   [0;39m [2m:[0;39m Application version is -1: true
[2m2018-03-21 00:12:01.741[0;39m [32m INFO[0;39m [35m67[0;39m [2m---[0;39m [2m[  restartedMain][0;39m [36mcom.netflix.discovery.DiscoveryClient   [0;39m [2m:[0;39m Getting all instance registry info from the eureka server
[2m2018-03-21 00:12:02.360[0;39m [32m INFO[0;39m [35m67[0;39m [2m---[0;39m [2m[  restartedMain][0;39m [36mcom.netflix.discovery.DiscoveryClient   [0;39m [2m:[0;39m The response status is 200
[2m2018-03-21 00:12:02.364[0;39m [32m INFO[0;39m [35m67[0;39m [2m---[0;39m [2m[  restartedMain][0;39m [36mcom.netflix.discovery.DiscoveryClient   [0;39m [2m:[0;39m Starting heartbeat executor: renew interval is: 30
[2m2018-03-21 00:12:02.374[0;39m [32m INFO[0;39m [35m67[0;39m [2m---[0;39m [2m[  restartedMain][0;39m [36mc.n.discovery.InstanceInfoReplicator    [0;39m [2m:[0;39m InstanceInfoReplicator onDemand update allowed rate per min is 4
[2m2018-03-21 00:12:02.381[0;39m [32m INFO[0;39m [35m67[0;39m [2m---[0;39m [2m[  restartedMain][0;39m [36mcom.netflix.discovery.DiscoveryClient   [0;39m [2m:[0;39m Discovery Client initialized at timestamp 1521591122380 with initial instances count: 1
[2m2018-03-21 00:12:02.402[0;39m [32m INFO[0;39m [35m67[0;39m [2m---[0;39m [2m[  restartedMain][0;39m [36mo.s.c.n.e.s.EurekaServiceRegistry       [0;39m [2m:[0;39m Registering application songs with eureka with status UP
[2m2018-03-21 00:12:02.407[0;39m [32m INFO[0;39m [35m67[0;39m [2m---[0;39m [2m[  restartedMain][0;39m [36mcom.netflix.discovery.DiscoveryClient   [0;39m [2m:[0;39m Saw local status change event StatusChangeEvent [timestamp=1521591122406, current=UP, previous=STARTING]
[2m2018-03-21 00:12:02.413[0;39m [32m INFO[0;39m [35m67[0;39m [2m---[0;39m [2m[nfoReplicator-0][0;39m [36mcom.netflix.discovery.DiscoveryClient   [0;39m [2m:[0;39m DiscoveryClient_SONGS/549f566657c7:songs:8082: registering service...
[2m2018-03-21 00:12:02.574[0;39m [32m INFO[0;39m [35m67[0;39m [2m---[0;39m [2m[nfoReplicator-0][0;39m [36mcom.netflix.discovery.DiscoveryClient   [0;39m [2m:[0;39m DiscoveryClient_SONGS/549f566657c7:songs:8082 - registration status: 204
[2m2018-03-21 00:12:02.634[0;39m [32m INFO[0;39m [35m67[0;39m [2m---[0;39m [2m[  restartedMain][0;39m [36ms.b.c.e.t.TomcatEmbeddedServletContainer[0;39m [2m:[0;39m Tomcat started on port(s): 8082 (http)
[2m2018-03-21 00:12:02.645[0;39m [32m INFO[0;39m [35m67[0;39m [2m---[0;39m [2m[  restartedMain][0;39m [36m.s.c.n.e.s.EurekaAutoServiceRegistration[0;39m [2m:[0;39m Updating port to 8082
[2m2018-03-21 00:12:02.662[0;39m [32m INFO[0;39m [35m67[0;39m [2m---[0;39m [2m[  restartedMain][0;39m [36mc.example.songsapi.SongsApiApplication  [0;39m [2m:[0;39m Started SongsApiApplication in 79.382 seconds (JVM running for 85.79)
[2m2018-03-21 00:17:01.750[0;39m [32m INFO[0;39m [35m67[0;39m [2m---[0;39m [2m[trap-executor-0][0;39m [36mc.n.d.s.r.aws.ConfigClusterResolver     [0;39m [2m:[0;39m Resolving eureka endpoints via configuration
